  Collider.cpp
D:\Documents\__PROG\_C++\Project-Arch\CAI\project-cai\project-cai\SpriteRenderer.h(21,1): error C2504: 'Component' : classe de base non définie
D:\Documents\__PROG\_C++\Project-Arch\CAI\project-cai\project-cai\SpriteRenderer.h(27,7): error C3668: 'SpriteRenderer::Update' : la méthode comprenant le spécificateur de substitution 'override' n'a substitué aucune méthode de la classe de base
D:\Documents\__PROG\_C++\Project-Arch\CAI\project-cai\project-cai\SpriteRenderer.h(28,7): error C3668: 'SpriteRenderer::Draw' : la méthode comprenant le spécificateur de substitution 'override' n'a substitué aucune méthode de la classe de base
D:\Documents\__PROG\_C++\Project-Arch\CAI\project-cai\project-cai\Scene.h(34,88): error C2027: utilisation du type non défini 'Transform2D'
D:\Documents\__PROG\_C++\Project-Arch\CAI\project-cai\project-cai\Scene.h(19): message : voir la déclaration de 'Transform2D'
D:\Documents\__PROG\_C++\Project-Arch\CAI\project-cai\project-cai\GameObject.h(28,1): error C2027: utilisation du type non défini 'GameObject'
D:\Documents\__PROG\_C++\Project-Arch\CAI\project-cai\project-cai\Scene.h(18): message : voir la déclaration de 'GameObject'
D:\Documents\__PROG\_C++\Project-Arch\CAI\project-cai\project-cai\GameObject.h(33,1): error C2027: utilisation du type non défini 'GameObject'
D:\Documents\__PROG\_C++\Project-Arch\CAI\project-cai\project-cai\Scene.h(18): message : voir la déclaration de 'GameObject'
D:\Documents\__PROG\_C++\Project-Arch\CAI\project-cai\project-cai\GameObject.h(38,1): error C2027: utilisation du type non défini 'GameObject'
D:\Documents\__PROG\_C++\Project-Arch\CAI\project-cai\project-cai\Scene.h(18): message : voir la déclaration de 'GameObject'
D:\Documents\__PROG\_C++\Project-Arch\CAI\project-cai\project-cai\Collider.cpp(30,11): error C2082: redéfinition du paramètre formel '_gameObject'
D:\Documents\__PROG\_C++\Project-Arch\CAI\project-cai\project-cai\Collider.cpp(37,11): error C2082: redéfinition du paramètre formel '_gameObject'
  Component.cpp
D:\Documents\__PROG\_C++\Project-Arch\CAI\project-cai\project-cai\SpriteRenderer.h(21,1): error C2504: 'Component' : classe de base non définie
D:\Documents\__PROG\_C++\Project-Arch\CAI\project-cai\project-cai\SpriteRenderer.h(27,7): error C3668: 'SpriteRenderer::Update' : la méthode comprenant le spécificateur de substitution 'override' n'a substitué aucune méthode de la classe de base
D:\Documents\__PROG\_C++\Project-Arch\CAI\project-cai\project-cai\SpriteRenderer.h(28,7): error C3668: 'SpriteRenderer::Draw' : la méthode comprenant le spécificateur de substitution 'override' n'a substitué aucune méthode de la classe de base
D:\Documents\__PROG\_C++\Project-Arch\CAI\project-cai\project-cai\Scene.h(34,88): error C2027: utilisation du type non défini 'Transform2D'
D:\Documents\__PROG\_C++\Project-Arch\CAI\project-cai\project-cai\Scene.h(19): message : voir la déclaration de 'Transform2D'
D:\Documents\__PROG\_C++\Project-Arch\CAI\project-cai\project-cai\GameObject.h(28,1): error C2027: utilisation du type non défini 'GameObject'
D:\Documents\__PROG\_C++\Project-Arch\CAI\project-cai\project-cai\Scene.h(18): message : voir la déclaration de 'GameObject'
D:\Documents\__PROG\_C++\Project-Arch\CAI\project-cai\project-cai\GameObject.h(33,1): error C2027: utilisation du type non défini 'GameObject'
D:\Documents\__PROG\_C++\Project-Arch\CAI\project-cai\project-cai\Scene.h(18): message : voir la déclaration de 'GameObject'
D:\Documents\__PROG\_C++\Project-Arch\CAI\project-cai\project-cai\GameObject.h(38,1): error C2027: utilisation du type non défini 'GameObject'
D:\Documents\__PROG\_C++\Project-Arch\CAI\project-cai\project-cai\Scene.h(18): message : voir la déclaration de 'GameObject'
  GameEngine.cpp
D:\Documents\__PROG\_C++\Project-Arch\CAI\project-cai\project-cai\GameObject.h(28,1): error C2027: utilisation du type non défini 'GameObject'
D:\Documents\__PROG\_C++\Project-Arch\CAI\project-cai\project-cai\Component.h(15): message : voir la déclaration de 'GameObject'
D:\Documents\__PROG\_C++\Project-Arch\CAI\project-cai\project-cai\GameObject.h(33,1): error C2027: utilisation du type non défini 'GameObject'
D:\Documents\__PROG\_C++\Project-Arch\CAI\project-cai\project-cai\Component.h(15): message : voir la déclaration de 'GameObject'
D:\Documents\__PROG\_C++\Project-Arch\CAI\project-cai\project-cai\GameObject.h(38,1): error C2027: utilisation du type non défini 'GameObject'
D:\Documents\__PROG\_C++\Project-Arch\CAI\project-cai\project-cai\Component.h(15): message : voir la déclaration de 'GameObject'
D:\Documents\__PROG\_C++\Project-Arch\CAI\project-cai\project-cai\GameObject.h(52,12): error C2027: utilisation du type non défini 'Tag'
D:\Documents\__PROG\_C++\Project-Arch\CAI\project-cai\project-cai\GameObject.h(16): message : voir la déclaration de 'Tag'
D:\Documents\__PROG\_C++\Project-Arch\CAI\project-cai\project-cai\GameObject.h(52,12): error C2065: 'Default' : identificateur non déclaré
D:\Documents\__PROG\_C++\Project-Arch\CAI\project-cai\project-cai\GameObject.h(52,12): error C2027: utilisation du type non défini 'Layer'
D:\Documents\__PROG\_C++\Project-Arch\CAI\project-cai\project-cai\GameObject.h(17): message : voir la déclaration de 'Layer'
  GameObject.cpp
D:\Documents\__PROG\_C++\Project-Arch\CAI\project-cai\project-cai\Scene.h(34,88): error C2027: utilisation du type non défini 'Transform2D'
D:\Documents\__PROG\_C++\Project-Arch\CAI\project-cai\project-cai\Scene.h(19): message : voir la déclaration de 'Transform2D'
D:\Documents\__PROG\_C++\Project-Arch\CAI\project-cai\project-cai\GameObject.h(28,1): error C2027: utilisation du type non défini 'GameObject'
D:\Documents\__PROG\_C++\Project-Arch\CAI\project-cai\project-cai\Scene.h(18): message : voir la déclaration de 'GameObject'
D:\Documents\__PROG\_C++\Project-Arch\CAI\project-cai\project-cai\GameObject.h(33,1): error C2027: utilisation du type non défini 'GameObject'
D:\Documents\__PROG\_C++\Project-Arch\CAI\project-cai\project-cai\Scene.h(18): message : voir la déclaration de 'GameObject'
D:\Documents\__PROG\_C++\Project-Arch\CAI\project-cai\project-cai\GameObject.h(38,1): error C2027: utilisation du type non défini 'GameObject'
D:\Documents\__PROG\_C++\Project-Arch\CAI\project-cai\project-cai\Scene.h(18): message : voir la déclaration de 'GameObject'
  main.cpp
D:\Documents\__PROG\_C++\Project-Arch\CAI\project-cai\project-cai\GameObject.h(28,1): error C2027: utilisation du type non défini 'GameObject'
D:\Documents\__PROG\_C++\Project-Arch\CAI\project-cai\project-cai\Component.h(15): message : voir la déclaration de 'GameObject'
D:\Documents\__PROG\_C++\Project-Arch\CAI\project-cai\project-cai\GameObject.h(33,1): error C2027: utilisation du type non défini 'GameObject'
D:\Documents\__PROG\_C++\Project-Arch\CAI\project-cai\project-cai\Component.h(15): message : voir la déclaration de 'GameObject'
D:\Documents\__PROG\_C++\Project-Arch\CAI\project-cai\project-cai\GameObject.h(38,1): error C2027: utilisation du type non défini 'GameObject'
D:\Documents\__PROG\_C++\Project-Arch\CAI\project-cai\project-cai\Component.h(15): message : voir la déclaration de 'GameObject'
D:\Documents\__PROG\_C++\Project-Arch\CAI\project-cai\project-cai\GameObject.h(52,12): error C2027: utilisation du type non défini 'Tag'
D:\Documents\__PROG\_C++\Project-Arch\CAI\project-cai\project-cai\GameObject.h(16): message : voir la déclaration de 'Tag'
D:\Documents\__PROG\_C++\Project-Arch\CAI\project-cai\project-cai\GameObject.h(52,12): error C2065: 'Default' : identificateur non déclaré
D:\Documents\__PROG\_C++\Project-Arch\CAI\project-cai\project-cai\GameObject.h(52,12): error C2027: utilisation du type non défini 'Layer'
D:\Documents\__PROG\_C++\Project-Arch\CAI\project-cai\project-cai\GameObject.h(17): message : voir la déclaration de 'Layer'
  Scene.cpp
D:\Documents\__PROG\_C++\Project-Arch\CAI\project-cai\project-cai\GameObject.h(28,1): error C2027: utilisation du type non défini 'GameObject'
D:\Documents\__PROG\_C++\Project-Arch\CAI\project-cai\project-cai\Component.h(15): message : voir la déclaration de 'GameObject'
D:\Documents\__PROG\_C++\Project-Arch\CAI\project-cai\project-cai\GameObject.h(33,1): error C2027: utilisation du type non défini 'GameObject'
D:\Documents\__PROG\_C++\Project-Arch\CAI\project-cai\project-cai\Component.h(15): message : voir la déclaration de 'GameObject'
D:\Documents\__PROG\_C++\Project-Arch\CAI\project-cai\project-cai\GameObject.h(38,1): error C2027: utilisation du type non défini 'GameObject'
D:\Documents\__PROG\_C++\Project-Arch\CAI\project-cai\project-cai\Component.h(15): message : voir la déclaration de 'GameObject'
D:\Documents\__PROG\_C++\Project-Arch\CAI\project-cai\project-cai\GameObject.h(52,12): error C2027: utilisation du type non défini 'Tag'
D:\Documents\__PROG\_C++\Project-Arch\CAI\project-cai\project-cai\GameObject.h(16): message : voir la déclaration de 'Tag'
D:\Documents\__PROG\_C++\Project-Arch\CAI\project-cai\project-cai\GameObject.h(52,12): error C2065: 'Default' : identificateur non déclaré
D:\Documents\__PROG\_C++\Project-Arch\CAI\project-cai\project-cai\GameObject.h(52,12): error C2027: utilisation du type non défini 'Layer'
D:\Documents\__PROG\_C++\Project-Arch\CAI\project-cai\project-cai\GameObject.h(17): message : voir la déclaration de 'Layer'
D:\Documents\__PROG\_C++\Project-Arch\CAI\project-cai\project-cai\Scene.cpp(46,59): warning C4129: 'D' : caractère de séquence d'échappement non reconnu
D:\Documents\__PROG\_C++\Project-Arch\CAI\project-cai\project-cai\Scene.cpp(46,59): warning C4129: '_' : caractère de séquence d'échappement non reconnu
D:\Documents\__PROG\_C++\Project-Arch\CAI\project-cai\project-cai\Scene.cpp(46,59): warning C4129: 'P' : caractère de séquence d'échappement non reconnu
D:\Documents\__PROG\_C++\Project-Arch\CAI\project-cai\project-cai\Scene.cpp(46,59): warning C4129: 'C' : caractère de séquence d'échappement non reconnu
D:\Documents\__PROG\_C++\Project-Arch\CAI\project-cai\project-cai\Scene.cpp(46,59): warning C4129: 'p' : caractère de séquence d'échappement non reconnu
D:\Documents\__PROG\_C++\Project-Arch\CAI\project-cai\project-cai\Scene.cpp(46,59): warning C4129: 'A' : caractère de séquence d'échappement non reconnu
  SpriteRenderer.cpp
D:\Documents\__PROG\_C++\Project-Arch\CAI\project-cai\project-cai\Scene.h(34,88): error C2027: utilisation du type non défini 'Transform2D'
D:\Documents\__PROG\_C++\Project-Arch\CAI\project-cai\project-cai\Scene.h(19): message : voir la déclaration de 'Transform2D'
D:\Documents\__PROG\_C++\Project-Arch\CAI\project-cai\project-cai\GameObject.h(28,1): error C2027: utilisation du type non défini 'GameObject'
D:\Documents\__PROG\_C++\Project-Arch\CAI\project-cai\project-cai\Scene.h(18): message : voir la déclaration de 'GameObject'
D:\Documents\__PROG\_C++\Project-Arch\CAI\project-cai\project-cai\GameObject.h(33,1): error C2027: utilisation du type non défini 'GameObject'
D:\Documents\__PROG\_C++\Project-Arch\CAI\project-cai\project-cai\Scene.h(18): message : voir la déclaration de 'GameObject'
D:\Documents\__PROG\_C++\Project-Arch\CAI\project-cai\project-cai\GameObject.h(38,1): error C2027: utilisation du type non défini 'GameObject'
D:\Documents\__PROG\_C++\Project-Arch\CAI\project-cai\project-cai\Scene.h(18): message : voir la déclaration de 'GameObject'
D:\Documents\__PROG\_C++\Project-Arch\CAI\project-cai\project-cai\GameObject.h(61,9): error C2065: 'Component' : identificateur non déclaré
D:\Documents\__PROG\_C++\Project-Arch\CAI\project-cai\project-cai\GameObject.h(61,2): error C2923: 'std::vector' : 'Component' n'est pas un argument de type modèle valide pour le paramètre '_Ty'
D:\Documents\__PROG\_C++\Project-Arch\CAI\project-cai\project-cai\GameObject.h(61): message : voir la déclaration de 'Component'
D:\Documents\__PROG\_C++\Project-Arch\CAI\project-cai\project-cai\GameObject.h(61,2): error C2976: 'std::vector' : nombre d'arguments modèle insuffisant
C:\Program Files (x86)\Microsoft Visual Studio\2019\Community\VC\Tools\MSVC\14.29.30037\include\vector(443): message : voir la déclaration de 'std::vector'
D:\Documents\__PROG\_C++\Project-Arch\CAI\project-cai\project-cai\GameObject.h(63,20): error C2061: erreur de syntaxe : identificateur 'Component'
D:\Documents\__PROG\_C++\Project-Arch\CAI\project-cai\project-cai\GameObject.h(64,23): error C2061: erreur de syntaxe : identificateur 'Component'
D:\Documents\__PROG\_C++\Project-Arch\CAI\project-cai\project-cai\GameObject.h(84,9): error C2065: 'Component' : identificateur non déclaré
D:\Documents\__PROG\_C++\Project-Arch\CAI\project-cai\project-cai\GameObject.h(84,2): error C2923: 'std::vector' : 'Component' n'est pas un argument de type modèle valide pour le paramètre '_Ty'
D:\Documents\__PROG\_C++\Project-Arch\CAI\project-cai\project-cai\GameObject.h(84): message : voir la déclaration de 'Component'
D:\Documents\__PROG\_C++\Project-Arch\CAI\project-cai\project-cai\GameObject.h(84,2): error C2976: 'std::vector' : nombre d'arguments modèle insuffisant
C:\Program Files (x86)\Microsoft Visual Studio\2019\Community\VC\Tools\MSVC\14.29.30037\include\vector(443): message : voir la déclaration de 'std::vector'
D:\Documents\__PROG\_C++\Project-Arch\CAI\project-cai\project-cai\SpriteRenderer.cpp(9,11): error C2082: redéfinition du paramètre formel '_gameObject'
  Génération de code en cours...
